ERROR - 2023-05-21 13:59:51 --> Error connecting to the database: mysqli_sql_exception: Access denied for user ''@'localhost' (using password: NO) in D:\ci4_app\ci4\system\Database\MySQLi\Connection.php:174
Stack trace:
#0 D:\ci4_app\ci4\system\Database\MySQLi\Connection.php(174): mysqli->real_connect('localhost', '', '', '', 3306, '', 0)
#1 D:\ci4_app\ci4\system\Database\BaseConnection.php(391): CodeIgniter\Database\MySQLi\Connection->connect(false)
#2 D:\ci4_app\ci4\system\Database\BaseConnection.php(574): CodeIgniter\Database\BaseConnection->initialize()
#3 D:\ci4_app\ci4\system\Database\BaseBuilder.php(1616): CodeIgniter\Database\BaseConnection->query('SELECT *\nFROM `...', Array, false)
#4 D:\ci4_app\ci4\system\Model.php(241): CodeIgniter\Database\BaseBuilder->get()
#5 D:\ci4_app\ci4\system\BaseModel.php(618): CodeIgniter\Model->doFindAll(0, 0)
#6 D:\ci4_app\ci4\app\Models\NewsModel.php(44): CodeIgniter\BaseModel->findAll()
#7 D:\ci4_app\ci4\app\Controllers\NewsController.php(14): App\Models\NewsModel->getNews()
#8 D:\ci4_app\ci4\system\CodeIgniter.php(934): App\Controllers\NewsController->index()
#9 D:\ci4_app\ci4\system\CodeIgniter.php(499): CodeIgniter\CodeIgniter->runController(Object(App\Controllers\NewsController))
#10 D:\ci4_app\ci4\system\CodeIgniter.php(368): CodeIgniter\CodeIgniter->handleRequest(NULL, Object(Config\Cache), false)
#11 D:\ci4_app\ci4\public\index.php(67): CodeIgniter\CodeIgniter->run()
#12 D:\ci4_app\ci4\system\Commands\Server\rewrite.php(47): require_once('D:\\ci4_app\\ci4\\...')
#13 {main}

Next CodeIgniter\Database\Exceptions\DatabaseException: Access denied for user ''@'localhost' (using password: NO) in D:\ci4_app\ci4\system\Database\MySQLi\Connection.php:218
Stack trace:
#0 D:\ci4_app\ci4\system\Database\BaseConnection.php(391): CodeIgniter\Database\MySQLi\Connection->connect(false)
#1 D:\ci4_app\ci4\system\Database\BaseConnection.php(574): CodeIgniter\Database\BaseConnection->initialize()
#2 D:\ci4_app\ci4\system\Database\BaseBuilder.php(1616): CodeIgniter\Database\BaseConnection->query('SELECT *\nFROM `...', Array, false)
#3 D:\ci4_app\ci4\system\Model.php(241): CodeIgniter\Database\BaseBuilder->get()
#4 D:\ci4_app\ci4\system\BaseModel.php(618): CodeIgniter\Model->doFindAll(0, 0)
#5 D:\ci4_app\ci4\app\Models\NewsModel.php(44): CodeIgniter\BaseModel->findAll()
#6 D:\ci4_app\ci4\app\Controllers\NewsController.php(14): App\Models\NewsModel->getNews()
#7 D:\ci4_app\ci4\system\CodeIgniter.php(934): App\Controllers\NewsController->index()
#8 D:\ci4_app\ci4\system\CodeIgniter.php(499): CodeIgniter\CodeIgniter->runController(Object(App\Controllers\NewsController))
#9 D:\ci4_app\ci4\system\CodeIgniter.php(368): CodeIgniter\CodeIgniter->handleRequest(NULL, Object(Config\Cache), false)
#10 D:\ci4_app\ci4\public\index.php(67): CodeIgniter\CodeIgniter->run()
#11 D:\ci4_app\ci4\system\Commands\Server\rewrite.php(47): require_once('D:\\ci4_app\\ci4\\...')
#12 {main}
CRITICAL - 2023-05-21 13:59:51 --> Unable to connect to the database.
Main connection [MySQLi]: Access denied for user ''@'localhost' (using password: NO)
in SYSTEMPATH\Database\BaseConnection.php on line 427.
 1 SYSTEMPATH\Database\BaseConnection.php(574): CodeIgniter\Database\BaseConnection->initialize()
 2 SYSTEMPATH\Database\BaseBuilder.php(1616): CodeIgniter\Database\BaseConnection->query('SELECT *
FROM `news`', [], false)
 3 SYSTEMPATH\Model.php(241): CodeIgniter\Database\BaseBuilder->get()
 4 SYSTEMPATH\BaseModel.php(618): CodeIgniter\Model->doFindAll(0, 0)
 5 APPPATH\Models\NewsModel.php(44): CodeIgniter\BaseModel->findAll()
 6 APPPATH\Controllers\NewsController.php(14): App\Models\NewsModel->getNews()
 7 SYSTEMPATH\CodeIgniter.php(934): App\Controllers\NewsController->index()
 8 SYSTEMPATH\CodeIgniter.php(499): CodeIgniter\CodeIgniter->runController(Object(App\Controllers\NewsController))
 9 SYSTEMPATH\CodeIgniter.php(368): CodeIgniter\CodeIgniter->handleRequest(null, Object(Config\Cache), false)
10 FCPATH\index.php(67): CodeIgniter\CodeIgniter->run()
11 SYSTEMPATH\Commands\Server\rewrite.php(47): require_once('D:\\ci4_app\\ci4\\public\\index.php')
ERROR - 2023-05-21 14:01:19 --> Error connecting to the database: mysqli_sql_exception: Access denied for user ''@'localhost' (using password: NO) in D:\ci4_app\ci4\system\Database\MySQLi\Connection.php:174
Stack trace:
#0 D:\ci4_app\ci4\system\Database\MySQLi\Connection.php(174): mysqli->real_connect('localhost', '', '', '', 3306, '', 0)
#1 D:\ci4_app\ci4\system\Database\BaseConnection.php(391): CodeIgniter\Database\MySQLi\Connection->connect(false)
#2 D:\ci4_app\ci4\system\Database\BaseConnection.php(574): CodeIgniter\Database\BaseConnection->initialize()
#3 D:\ci4_app\ci4\system\Database\BaseBuilder.php(1616): CodeIgniter\Database\BaseConnection->query('SELECT *\nFROM `...', Array, false)
#4 D:\ci4_app\ci4\system\Model.php(241): CodeIgniter\Database\BaseBuilder->get()
#5 D:\ci4_app\ci4\system\BaseModel.php(618): CodeIgniter\Model->doFindAll(0, 0)
#6 D:\ci4_app\ci4\app\Models\NewsModel.php(44): CodeIgniter\BaseModel->findAll()
#7 D:\ci4_app\ci4\app\Controllers\NewsController.php(14): App\Models\NewsModel->getNews()
#8 D:\ci4_app\ci4\system\CodeIgniter.php(934): App\Controllers\NewsController->index()
#9 D:\ci4_app\ci4\system\CodeIgniter.php(499): CodeIgniter\CodeIgniter->runController(Object(App\Controllers\NewsController))
#10 D:\ci4_app\ci4\system\CodeIgniter.php(368): CodeIgniter\CodeIgniter->handleRequest(NULL, Object(Config\Cache), false)
#11 D:\ci4_app\ci4\public\index.php(67): CodeIgniter\CodeIgniter->run()
#12 D:\ci4_app\ci4\system\Commands\Server\rewrite.php(47): require_once('D:\\ci4_app\\ci4\\...')
#13 {main}

Next CodeIgniter\Database\Exceptions\DatabaseException: Access denied for user ''@'localhost' (using password: NO) in D:\ci4_app\ci4\system\Database\MySQLi\Connection.php:218
Stack trace:
#0 D:\ci4_app\ci4\system\Database\BaseConnection.php(391): CodeIgniter\Database\MySQLi\Connection->connect(false)
#1 D:\ci4_app\ci4\system\Database\BaseConnection.php(574): CodeIgniter\Database\BaseConnection->initialize()
#2 D:\ci4_app\ci4\system\Database\BaseBuilder.php(1616): CodeIgniter\Database\BaseConnection->query('SELECT *\nFROM `...', Array, false)
#3 D:\ci4_app\ci4\system\Model.php(241): CodeIgniter\Database\BaseBuilder->get()
#4 D:\ci4_app\ci4\system\BaseModel.php(618): CodeIgniter\Model->doFindAll(0, 0)
#5 D:\ci4_app\ci4\app\Models\NewsModel.php(44): CodeIgniter\BaseModel->findAll()
#6 D:\ci4_app\ci4\app\Controllers\NewsController.php(14): App\Models\NewsModel->getNews()
#7 D:\ci4_app\ci4\system\CodeIgniter.php(934): App\Controllers\NewsController->index()
#8 D:\ci4_app\ci4\system\CodeIgniter.php(499): CodeIgniter\CodeIgniter->runController(Object(App\Controllers\NewsController))
#9 D:\ci4_app\ci4\system\CodeIgniter.php(368): CodeIgniter\CodeIgniter->handleRequest(NULL, Object(Config\Cache), false)
#10 D:\ci4_app\ci4\public\index.php(67): CodeIgniter\CodeIgniter->run()
#11 D:\ci4_app\ci4\system\Commands\Server\rewrite.php(47): require_once('D:\\ci4_app\\ci4\\...')
#12 {main}
CRITICAL - 2023-05-21 14:01:19 --> Unable to connect to the database.
Main connection [MySQLi]: Access denied for user ''@'localhost' (using password: NO)
in SYSTEMPATH\Database\BaseConnection.php on line 427.
 1 SYSTEMPATH\Database\BaseConnection.php(574): CodeIgniter\Database\BaseConnection->initialize()
 2 SYSTEMPATH\Database\BaseBuilder.php(1616): CodeIgniter\Database\BaseConnection->query('SELECT *
FROM `news`', [], false)
 3 SYSTEMPATH\Model.php(241): CodeIgniter\Database\BaseBuilder->get()
 4 SYSTEMPATH\BaseModel.php(618): CodeIgniter\Model->doFindAll(0, 0)
 5 APPPATH\Models\NewsModel.php(44): CodeIgniter\BaseModel->findAll()
 6 APPPATH\Controllers\NewsController.php(14): App\Models\NewsModel->getNews()
 7 SYSTEMPATH\CodeIgniter.php(934): App\Controllers\NewsController->index()
 8 SYSTEMPATH\CodeIgniter.php(499): CodeIgniter\CodeIgniter->runController(Object(App\Controllers\NewsController))
 9 SYSTEMPATH\CodeIgniter.php(368): CodeIgniter\CodeIgniter->handleRequest(null, Object(Config\Cache), false)
10 FCPATH\index.php(67): CodeIgniter\CodeIgniter->run()
11 SYSTEMPATH\Commands\Server\rewrite.php(47): require_once('D:\\ci4_app\\ci4\\public\\index.php')
ERROR - 2023-05-21 14:01:54 --> Error connecting to the database: mysqli_sql_exception: Access denied for user ''@'localhost' (using password: NO) in D:\ci4_app\ci4\system\Database\MySQLi\Connection.php:174
Stack trace:
#0 D:\ci4_app\ci4\system\Database\MySQLi\Connection.php(174): mysqli->real_connect('localhost', '', '', '', 3306, '', 0)
#1 D:\ci4_app\ci4\system\Database\BaseConnection.php(391): CodeIgniter\Database\MySQLi\Connection->connect(false)
#2 D:\ci4_app\ci4\system\Database\BaseConnection.php(574): CodeIgniter\Database\BaseConnection->initialize()
#3 D:\ci4_app\ci4\system\Database\BaseBuilder.php(1616): CodeIgniter\Database\BaseConnection->query('SELECT *\nFROM `...', Array, false)
#4 D:\ci4_app\ci4\system\Model.php(241): CodeIgniter\Database\BaseBuilder->get()
#5 D:\ci4_app\ci4\system\BaseModel.php(618): CodeIgniter\Model->doFindAll(0, 0)
#6 D:\ci4_app\ci4\app\Models\NewsModel.php(44): CodeIgniter\BaseModel->findAll()
#7 D:\ci4_app\ci4\app\Controllers\NewsController.php(14): App\Models\NewsModel->getNews()
#8 D:\ci4_app\ci4\system\CodeIgniter.php(934): App\Controllers\NewsController->index()
#9 D:\ci4_app\ci4\system\CodeIgniter.php(499): CodeIgniter\CodeIgniter->runController(Object(App\Controllers\NewsController))
#10 D:\ci4_app\ci4\system\CodeIgniter.php(368): CodeIgniter\CodeIgniter->handleRequest(NULL, Object(Config\Cache), false)
#11 D:\ci4_app\ci4\public\index.php(67): CodeIgniter\CodeIgniter->run()
#12 D:\ci4_app\ci4\system\Commands\Server\rewrite.php(47): require_once('D:\\ci4_app\\ci4\\...')
#13 {main}

Next CodeIgniter\Database\Exceptions\DatabaseException: Access denied for user ''@'localhost' (using password: NO) in D:\ci4_app\ci4\system\Database\MySQLi\Connection.php:218
Stack trace:
#0 D:\ci4_app\ci4\system\Database\BaseConnection.php(391): CodeIgniter\Database\MySQLi\Connection->connect(false)
#1 D:\ci4_app\ci4\system\Database\BaseConnection.php(574): CodeIgniter\Database\BaseConnection->initialize()
#2 D:\ci4_app\ci4\system\Database\BaseBuilder.php(1616): CodeIgniter\Database\BaseConnection->query('SELECT *\nFROM `...', Array, false)
#3 D:\ci4_app\ci4\system\Model.php(241): CodeIgniter\Database\BaseBuilder->get()
#4 D:\ci4_app\ci4\system\BaseModel.php(618): CodeIgniter\Model->doFindAll(0, 0)
#5 D:\ci4_app\ci4\app\Models\NewsModel.php(44): CodeIgniter\BaseModel->findAll()
#6 D:\ci4_app\ci4\app\Controllers\NewsController.php(14): App\Models\NewsModel->getNews()
#7 D:\ci4_app\ci4\system\CodeIgniter.php(934): App\Controllers\NewsController->index()
#8 D:\ci4_app\ci4\system\CodeIgniter.php(499): CodeIgniter\CodeIgniter->runController(Object(App\Controllers\NewsController))
#9 D:\ci4_app\ci4\system\CodeIgniter.php(368): CodeIgniter\CodeIgniter->handleRequest(NULL, Object(Config\Cache), false)
#10 D:\ci4_app\ci4\public\index.php(67): CodeIgniter\CodeIgniter->run()
#11 D:\ci4_app\ci4\system\Commands\Server\rewrite.php(47): require_once('D:\\ci4_app\\ci4\\...')
#12 {main}
CRITICAL - 2023-05-21 14:01:54 --> Unable to connect to the database.
Main connection [MySQLi]: Access denied for user ''@'localhost' (using password: NO)
in SYSTEMPATH\Database\BaseConnection.php on line 427.
 1 SYSTEMPATH\Database\BaseConnection.php(574): CodeIgniter\Database\BaseConnection->initialize()
 2 SYSTEMPATH\Database\BaseBuilder.php(1616): CodeIgniter\Database\BaseConnection->query('SELECT *
FROM `news`', [], false)
 3 SYSTEMPATH\Model.php(241): CodeIgniter\Database\BaseBuilder->get()
 4 SYSTEMPATH\BaseModel.php(618): CodeIgniter\Model->doFindAll(0, 0)
 5 APPPATH\Models\NewsModel.php(44): CodeIgniter\BaseModel->findAll()
 6 APPPATH\Controllers\NewsController.php(14): App\Models\NewsModel->getNews()
 7 SYSTEMPATH\CodeIgniter.php(934): App\Controllers\NewsController->index()
 8 SYSTEMPATH\CodeIgniter.php(499): CodeIgniter\CodeIgniter->runController(Object(App\Controllers\NewsController))
 9 SYSTEMPATH\CodeIgniter.php(368): CodeIgniter\CodeIgniter->handleRequest(null, Object(Config\Cache), false)
10 FCPATH\index.php(67): CodeIgniter\CodeIgniter->run()
11 SYSTEMPATH\Commands\Server\rewrite.php(47): require_once('D:\\ci4_app\\ci4\\public\\index.php')
ERROR - 2023-05-21 14:02:50 --> Error connecting to the database: mysqli_sql_exception: Access denied for user ''@'localhost' (using password: NO) in D:\ci4_app\ci4\system\Database\MySQLi\Connection.php:174
Stack trace:
#0 D:\ci4_app\ci4\system\Database\MySQLi\Connection.php(174): mysqli->real_connect('localhost', '', '', '', 3306, '', 0)
#1 D:\ci4_app\ci4\system\Database\BaseConnection.php(391): CodeIgniter\Database\MySQLi\Connection->connect(false)
#2 D:\ci4_app\ci4\system\Database\BaseConnection.php(574): CodeIgniter\Database\BaseConnection->initialize()
#3 D:\ci4_app\ci4\system\Database\BaseBuilder.php(1616): CodeIgniter\Database\BaseConnection->query('SELECT *\nFROM `...', Array, false)
#4 D:\ci4_app\ci4\system\Model.php(241): CodeIgniter\Database\BaseBuilder->get()
#5 D:\ci4_app\ci4\system\BaseModel.php(618): CodeIgniter\Model->doFindAll(0, 0)
#6 D:\ci4_app\ci4\app\Models\NewsModel.php(44): CodeIgniter\BaseModel->findAll()
#7 D:\ci4_app\ci4\app\Controllers\NewsController.php(14): App\Models\NewsModel->getNews()
#8 D:\ci4_app\ci4\system\CodeIgniter.php(934): App\Controllers\NewsController->index()
#9 D:\ci4_app\ci4\system\CodeIgniter.php(499): CodeIgniter\CodeIgniter->runController(Object(App\Controllers\NewsController))
#10 D:\ci4_app\ci4\system\CodeIgniter.php(368): CodeIgniter\CodeIgniter->handleRequest(NULL, Object(Config\Cache), false)
#11 D:\ci4_app\ci4\public\index.php(67): CodeIgniter\CodeIgniter->run()
#12 D:\ci4_app\ci4\system\Commands\Server\rewrite.php(47): require_once('D:\\ci4_app\\ci4\\...')
#13 {main}

Next CodeIgniter\Database\Exceptions\DatabaseException: Access denied for user ''@'localhost' (using password: NO) in D:\ci4_app\ci4\system\Database\MySQLi\Connection.php:218
Stack trace:
#0 D:\ci4_app\ci4\system\Database\BaseConnection.php(391): CodeIgniter\Database\MySQLi\Connection->connect(false)
#1 D:\ci4_app\ci4\system\Database\BaseConnection.php(574): CodeIgniter\Database\BaseConnection->initialize()
#2 D:\ci4_app\ci4\system\Database\BaseBuilder.php(1616): CodeIgniter\Database\BaseConnection->query('SELECT *\nFROM `...', Array, false)
#3 D:\ci4_app\ci4\system\Model.php(241): CodeIgniter\Database\BaseBuilder->get()
#4 D:\ci4_app\ci4\system\BaseModel.php(618): CodeIgniter\Model->doFindAll(0, 0)
#5 D:\ci4_app\ci4\app\Models\NewsModel.php(44): CodeIgniter\BaseModel->findAll()
#6 D:\ci4_app\ci4\app\Controllers\NewsController.php(14): App\Models\NewsModel->getNews()
#7 D:\ci4_app\ci4\system\CodeIgniter.php(934): App\Controllers\NewsController->index()
#8 D:\ci4_app\ci4\system\CodeIgniter.php(499): CodeIgniter\CodeIgniter->runController(Object(App\Controllers\NewsController))
#9 D:\ci4_app\ci4\system\CodeIgniter.php(368): CodeIgniter\CodeIgniter->handleRequest(NULL, Object(Config\Cache), false)
#10 D:\ci4_app\ci4\public\index.php(67): CodeIgniter\CodeIgniter->run()
#11 D:\ci4_app\ci4\system\Commands\Server\rewrite.php(47): require_once('D:\\ci4_app\\ci4\\...')
#12 {main}
CRITICAL - 2023-05-21 14:02:50 --> Unable to connect to the database.
Main connection [MySQLi]: Access denied for user ''@'localhost' (using password: NO)
in SYSTEMPATH\Database\BaseConnection.php on line 427.
 1 SYSTEMPATH\Database\BaseConnection.php(574): CodeIgniter\Database\BaseConnection->initialize()
 2 SYSTEMPATH\Database\BaseBuilder.php(1616): CodeIgniter\Database\BaseConnection->query('SELECT *
FROM `news`', [], false)
 3 SYSTEMPATH\Model.php(241): CodeIgniter\Database\BaseBuilder->get()
 4 SYSTEMPATH\BaseModel.php(618): CodeIgniter\Model->doFindAll(0, 0)
 5 APPPATH\Models\NewsModel.php(44): CodeIgniter\BaseModel->findAll()
 6 APPPATH\Controllers\NewsController.php(14): App\Models\NewsModel->getNews()
 7 SYSTEMPATH\CodeIgniter.php(934): App\Controllers\NewsController->index()
 8 SYSTEMPATH\CodeIgniter.php(499): CodeIgniter\CodeIgniter->runController(Object(App\Controllers\NewsController))
 9 SYSTEMPATH\CodeIgniter.php(368): CodeIgniter\CodeIgniter->handleRequest(null, Object(Config\Cache), false)
10 FCPATH\index.php(67): CodeIgniter\CodeIgniter->run()
11 SYSTEMPATH\Commands\Server\rewrite.php(47): require_once('D:\\ci4_app\\ci4\\public\\index.php')
ERROR - 2023-05-21 14:05:43 --> Error connecting to the database: mysqli_sql_exception: Access denied for user ''@'localhost' (using password: NO) in D:\ci4_app\ci4\system\Database\MySQLi\Connection.php:174
Stack trace:
#0 D:\ci4_app\ci4\system\Database\MySQLi\Connection.php(174): mysqli->real_connect('localhost', '', '', '', 3306, '', 0)
#1 D:\ci4_app\ci4\system\Database\BaseConnection.php(391): CodeIgniter\Database\MySQLi\Connection->connect(false)
#2 D:\ci4_app\ci4\system\Database\BaseConnection.php(574): CodeIgniter\Database\BaseConnection->initialize()
#3 D:\ci4_app\ci4\system\Database\BaseBuilder.php(1616): CodeIgniter\Database\BaseConnection->query('SELECT *\nFROM `...', Array, false)
#4 D:\ci4_app\ci4\system\Model.php(241): CodeIgniter\Database\BaseBuilder->get()
#5 D:\ci4_app\ci4\system\BaseModel.php(618): CodeIgniter\Model->doFindAll(0, 0)
#6 D:\ci4_app\ci4\app\Models\NewsModel.php(44): CodeIgniter\BaseModel->findAll()
#7 D:\ci4_app\ci4\app\Controllers\NewsController.php(14): App\Models\NewsModel->getNews()
#8 D:\ci4_app\ci4\system\CodeIgniter.php(934): App\Controllers\NewsController->index()
#9 D:\ci4_app\ci4\system\CodeIgniter.php(499): CodeIgniter\CodeIgniter->runController(Object(App\Controllers\NewsController))
#10 D:\ci4_app\ci4\system\CodeIgniter.php(368): CodeIgniter\CodeIgniter->handleRequest(NULL, Object(Config\Cache), false)
#11 D:\ci4_app\ci4\public\index.php(67): CodeIgniter\CodeIgniter->run()
#12 D:\ci4_app\ci4\system\Commands\Server\rewrite.php(47): require_once('D:\\ci4_app\\ci4\\...')
#13 {main}

Next CodeIgniter\Database\Exceptions\DatabaseException: Access denied for user ''@'localhost' (using password: NO) in D:\ci4_app\ci4\system\Database\MySQLi\Connection.php:218
Stack trace:
#0 D:\ci4_app\ci4\system\Database\BaseConnection.php(391): CodeIgniter\Database\MySQLi\Connection->connect(false)
#1 D:\ci4_app\ci4\system\Database\BaseConnection.php(574): CodeIgniter\Database\BaseConnection->initialize()
#2 D:\ci4_app\ci4\system\Database\BaseBuilder.php(1616): CodeIgniter\Database\BaseConnection->query('SELECT *\nFROM `...', Array, false)
#3 D:\ci4_app\ci4\system\Model.php(241): CodeIgniter\Database\BaseBuilder->get()
#4 D:\ci4_app\ci4\system\BaseModel.php(618): CodeIgniter\Model->doFindAll(0, 0)
#5 D:\ci4_app\ci4\app\Models\NewsModel.php(44): CodeIgniter\BaseModel->findAll()
#6 D:\ci4_app\ci4\app\Controllers\NewsController.php(14): App\Models\NewsModel->getNews()
#7 D:\ci4_app\ci4\system\CodeIgniter.php(934): App\Controllers\NewsController->index()
#8 D:\ci4_app\ci4\system\CodeIgniter.php(499): CodeIgniter\CodeIgniter->runController(Object(App\Controllers\NewsController))
#9 D:\ci4_app\ci4\system\CodeIgniter.php(368): CodeIgniter\CodeIgniter->handleRequest(NULL, Object(Config\Cache), false)
#10 D:\ci4_app\ci4\public\index.php(67): CodeIgniter\CodeIgniter->run()
#11 D:\ci4_app\ci4\system\Commands\Server\rewrite.php(47): require_once('D:\\ci4_app\\ci4\\...')
#12 {main}
CRITICAL - 2023-05-21 14:05:43 --> Unable to connect to the database.
Main connection [MySQLi]: Access denied for user ''@'localhost' (using password: NO)
in SYSTEMPATH\Database\BaseConnection.php on line 427.
 1 SYSTEMPATH\Database\BaseConnection.php(574): CodeIgniter\Database\BaseConnection->initialize()
 2 SYSTEMPATH\Database\BaseBuilder.php(1616): CodeIgniter\Database\BaseConnection->query('SELECT *
FROM `news`', [], false)
 3 SYSTEMPATH\Model.php(241): CodeIgniter\Database\BaseBuilder->get()
 4 SYSTEMPATH\BaseModel.php(618): CodeIgniter\Model->doFindAll(0, 0)
 5 APPPATH\Models\NewsModel.php(44): CodeIgniter\BaseModel->findAll()
 6 APPPATH\Controllers\NewsController.php(14): App\Models\NewsModel->getNews()
 7 SYSTEMPATH\CodeIgniter.php(934): App\Controllers\NewsController->index()
 8 SYSTEMPATH\CodeIgniter.php(499): CodeIgniter\CodeIgniter->runController(Object(App\Controllers\NewsController))
 9 SYSTEMPATH\CodeIgniter.php(368): CodeIgniter\CodeIgniter->handleRequest(null, Object(Config\Cache), false)
10 FCPATH\index.php(67): CodeIgniter\CodeIgniter->run()
11 SYSTEMPATH\Commands\Server\rewrite.php(47): require_once('D:\\ci4_app\\ci4\\public\\index.php')
ERROR - 2023-05-21 14:06:11 --> Error connecting to the database: mysqli_sql_exception: Access denied for user ''@'localhost' (using password: NO) in D:\ci4_app\ci4\system\Database\MySQLi\Connection.php:174
Stack trace:
#0 D:\ci4_app\ci4\system\Database\MySQLi\Connection.php(174): mysqli->real_connect('localhost', '', '', '', 3306, '', 0)
#1 D:\ci4_app\ci4\system\Database\BaseConnection.php(391): CodeIgniter\Database\MySQLi\Connection->connect(false)
#2 D:\ci4_app\ci4\system\Database\BaseConnection.php(574): CodeIgniter\Database\BaseConnection->initialize()
#3 D:\ci4_app\ci4\system\Database\BaseBuilder.php(1616): CodeIgniter\Database\BaseConnection->query('SELECT *\nFROM `...', Array, false)
#4 D:\ci4_app\ci4\system\Model.php(241): CodeIgniter\Database\BaseBuilder->get()
#5 D:\ci4_app\ci4\system\BaseModel.php(618): CodeIgniter\Model->doFindAll(0, 0)
#6 D:\ci4_app\ci4\app\Models\NewsModel.php(44): CodeIgniter\BaseModel->findAll()
#7 D:\ci4_app\ci4\app\Controllers\NewsController.php(14): App\Models\NewsModel->getNews()
#8 D:\ci4_app\ci4\system\CodeIgniter.php(934): App\Controllers\NewsController->index()
#9 D:\ci4_app\ci4\system\CodeIgniter.php(499): CodeIgniter\CodeIgniter->runController(Object(App\Controllers\NewsController))
#10 D:\ci4_app\ci4\system\CodeIgniter.php(368): CodeIgniter\CodeIgniter->handleRequest(NULL, Object(Config\Cache), false)
#11 D:\ci4_app\ci4\public\index.php(67): CodeIgniter\CodeIgniter->run()
#12 D:\ci4_app\ci4\system\Commands\Server\rewrite.php(47): require_once('D:\\ci4_app\\ci4\\...')
#13 {main}

Next CodeIgniter\Database\Exceptions\DatabaseException: Access denied for user ''@'localhost' (using password: NO) in D:\ci4_app\ci4\system\Database\MySQLi\Connection.php:218
Stack trace:
#0 D:\ci4_app\ci4\system\Database\BaseConnection.php(391): CodeIgniter\Database\MySQLi\Connection->connect(false)
#1 D:\ci4_app\ci4\system\Database\BaseConnection.php(574): CodeIgniter\Database\BaseConnection->initialize()
#2 D:\ci4_app\ci4\system\Database\BaseBuilder.php(1616): CodeIgniter\Database\BaseConnection->query('SELECT *\nFROM `...', Array, false)
#3 D:\ci4_app\ci4\system\Model.php(241): CodeIgniter\Database\BaseBuilder->get()
#4 D:\ci4_app\ci4\system\BaseModel.php(618): CodeIgniter\Model->doFindAll(0, 0)
#5 D:\ci4_app\ci4\app\Models\NewsModel.php(44): CodeIgniter\BaseModel->findAll()
#6 D:\ci4_app\ci4\app\Controllers\NewsController.php(14): App\Models\NewsModel->getNews()
#7 D:\ci4_app\ci4\system\CodeIgniter.php(934): App\Controllers\NewsController->index()
#8 D:\ci4_app\ci4\system\CodeIgniter.php(499): CodeIgniter\CodeIgniter->runController(Object(App\Controllers\NewsController))
#9 D:\ci4_app\ci4\system\CodeIgniter.php(368): CodeIgniter\CodeIgniter->handleRequest(NULL, Object(Config\Cache), false)
#10 D:\ci4_app\ci4\public\index.php(67): CodeIgniter\CodeIgniter->run()
#11 D:\ci4_app\ci4\system\Commands\Server\rewrite.php(47): require_once('D:\\ci4_app\\ci4\\...')
#12 {main}
CRITICAL - 2023-05-21 14:06:11 --> Unable to connect to the database.
Main connection [MySQLi]: Access denied for user ''@'localhost' (using password: NO)
in SYSTEMPATH\Database\BaseConnection.php on line 427.
 1 SYSTEMPATH\Database\BaseConnection.php(574): CodeIgniter\Database\BaseConnection->initialize()
 2 SYSTEMPATH\Database\BaseBuilder.php(1616): CodeIgniter\Database\BaseConnection->query('SELECT *
FROM `news`', [], false)
 3 SYSTEMPATH\Model.php(241): CodeIgniter\Database\BaseBuilder->get()
 4 SYSTEMPATH\BaseModel.php(618): CodeIgniter\Model->doFindAll(0, 0)
 5 APPPATH\Models\NewsModel.php(44): CodeIgniter\BaseModel->findAll()
 6 APPPATH\Controllers\NewsController.php(14): App\Models\NewsModel->getNews()
 7 SYSTEMPATH\CodeIgniter.php(934): App\Controllers\NewsController->index()
 8 SYSTEMPATH\CodeIgniter.php(499): CodeIgniter\CodeIgniter->runController(Object(App\Controllers\NewsController))
 9 SYSTEMPATH\CodeIgniter.php(368): CodeIgniter\CodeIgniter->handleRequest(null, Object(Config\Cache), false)
10 FCPATH\index.php(67): CodeIgniter\CodeIgniter->run()
11 SYSTEMPATH\Commands\Server\rewrite.php(47): require_once('D:\\ci4_app\\ci4\\public\\index.php')
ERROR - 2023-05-21 14:06:27 --> Error connecting to the database: mysqli_sql_exception: Access denied for user ''@'localhost' (using password: NO) in D:\ci4_app\ci4\system\Database\MySQLi\Connection.php:174
Stack trace:
#0 D:\ci4_app\ci4\system\Database\MySQLi\Connection.php(174): mysqli->real_connect('localhost', '', '', '', 3306, '', 0)
#1 D:\ci4_app\ci4\system\Database\BaseConnection.php(391): CodeIgniter\Database\MySQLi\Connection->connect(false)
#2 D:\ci4_app\ci4\system\Database\BaseConnection.php(574): CodeIgniter\Database\BaseConnection->initialize()
#3 D:\ci4_app\ci4\system\Database\BaseBuilder.php(1616): CodeIgniter\Database\BaseConnection->query('SELECT *\nFROM `...', Array, false)
#4 D:\ci4_app\ci4\system\Model.php(241): CodeIgniter\Database\BaseBuilder->get()
#5 D:\ci4_app\ci4\system\BaseModel.php(618): CodeIgniter\Model->doFindAll(0, 0)
#6 D:\ci4_app\ci4\app\Models\NewsModel.php(44): CodeIgniter\BaseModel->findAll()
#7 D:\ci4_app\ci4\app\Controllers\NewsController.php(14): App\Models\NewsModel->getNews()
#8 D:\ci4_app\ci4\system\CodeIgniter.php(934): App\Controllers\NewsController->index()
#9 D:\ci4_app\ci4\system\CodeIgniter.php(499): CodeIgniter\CodeIgniter->runController(Object(App\Controllers\NewsController))
#10 D:\ci4_app\ci4\system\CodeIgniter.php(368): CodeIgniter\CodeIgniter->handleRequest(NULL, Object(Config\Cache), false)
#11 D:\ci4_app\ci4\public\index.php(67): CodeIgniter\CodeIgniter->run()
#12 D:\ci4_app\ci4\system\Commands\Server\rewrite.php(47): require_once('D:\\ci4_app\\ci4\\...')
#13 {main}

Next CodeIgniter\Database\Exceptions\DatabaseException: Access denied for user ''@'localhost' (using password: NO) in D:\ci4_app\ci4\system\Database\MySQLi\Connection.php:218
Stack trace:
#0 D:\ci4_app\ci4\system\Database\BaseConnection.php(391): CodeIgniter\Database\MySQLi\Connection->connect(false)
#1 D:\ci4_app\ci4\system\Database\BaseConnection.php(574): CodeIgniter\Database\BaseConnection->initialize()
#2 D:\ci4_app\ci4\system\Database\BaseBuilder.php(1616): CodeIgniter\Database\BaseConnection->query('SELECT *\nFROM `...', Array, false)
#3 D:\ci4_app\ci4\system\Model.php(241): CodeIgniter\Database\BaseBuilder->get()
#4 D:\ci4_app\ci4\system\BaseModel.php(618): CodeIgniter\Model->doFindAll(0, 0)
#5 D:\ci4_app\ci4\app\Models\NewsModel.php(44): CodeIgniter\BaseModel->findAll()
#6 D:\ci4_app\ci4\app\Controllers\NewsController.php(14): App\Models\NewsModel->getNews()
#7 D:\ci4_app\ci4\system\CodeIgniter.php(934): App\Controllers\NewsController->index()
#8 D:\ci4_app\ci4\system\CodeIgniter.php(499): CodeIgniter\CodeIgniter->runController(Object(App\Controllers\NewsController))
#9 D:\ci4_app\ci4\system\CodeIgniter.php(368): CodeIgniter\CodeIgniter->handleRequest(NULL, Object(Config\Cache), false)
#10 D:\ci4_app\ci4\public\index.php(67): CodeIgniter\CodeIgniter->run()
#11 D:\ci4_app\ci4\system\Commands\Server\rewrite.php(47): require_once('D:\\ci4_app\\ci4\\...')
#12 {main}
CRITICAL - 2023-05-21 14:06:27 --> Unable to connect to the database.
Main connection [MySQLi]: Access denied for user ''@'localhost' (using password: NO)
in SYSTEMPATH\Database\BaseConnection.php on line 427.
 1 SYSTEMPATH\Database\BaseConnection.php(574): CodeIgniter\Database\BaseConnection->initialize()
 2 SYSTEMPATH\Database\BaseBuilder.php(1616): CodeIgniter\Database\BaseConnection->query('SELECT *
FROM `news`', [], false)
 3 SYSTEMPATH\Model.php(241): CodeIgniter\Database\BaseBuilder->get()
 4 SYSTEMPATH\BaseModel.php(618): CodeIgniter\Model->doFindAll(0, 0)
 5 APPPATH\Models\NewsModel.php(44): CodeIgniter\BaseModel->findAll()
 6 APPPATH\Controllers\NewsController.php(14): App\Models\NewsModel->getNews()
 7 SYSTEMPATH\CodeIgniter.php(934): App\Controllers\NewsController->index()
 8 SYSTEMPATH\CodeIgniter.php(499): CodeIgniter\CodeIgniter->runController(Object(App\Controllers\NewsController))
 9 SYSTEMPATH\CodeIgniter.php(368): CodeIgniter\CodeIgniter->handleRequest(null, Object(Config\Cache), false)
10 FCPATH\index.php(67): CodeIgniter\CodeIgniter->run()
11 SYSTEMPATH\Commands\Server\rewrite.php(47): require_once('D:\\ci4_app\\ci4\\public\\index.php')
ERROR - 2023-05-21 14:06:32 --> Error connecting to the database: mysqli_sql_exception: Access denied for user ''@'localhost' (using password: NO) in D:\ci4_app\ci4\system\Database\MySQLi\Connection.php:174
Stack trace:
#0 D:\ci4_app\ci4\system\Database\MySQLi\Connection.php(174): mysqli->real_connect('localhost', '', '', '', 3306, '', 0)
#1 D:\ci4_app\ci4\system\Database\BaseConnection.php(391): CodeIgniter\Database\MySQLi\Connection->connect(false)
#2 D:\ci4_app\ci4\system\Database\BaseConnection.php(574): CodeIgniter\Database\BaseConnection->initialize()
#3 D:\ci4_app\ci4\system\Database\BaseBuilder.php(1616): CodeIgniter\Database\BaseConnection->query('SELECT *\nFROM `...', Array, false)
#4 D:\ci4_app\ci4\system\Model.php(241): CodeIgniter\Database\BaseBuilder->get()
#5 D:\ci4_app\ci4\system\BaseModel.php(618): CodeIgniter\Model->doFindAll(0, 0)
#6 D:\ci4_app\ci4\app\Models\NewsModel.php(44): CodeIgniter\BaseModel->findAll()
#7 D:\ci4_app\ci4\app\Controllers\NewsController.php(14): App\Models\NewsModel->getNews()
#8 D:\ci4_app\ci4\system\CodeIgniter.php(934): App\Controllers\NewsController->index()
#9 D:\ci4_app\ci4\system\CodeIgniter.php(499): CodeIgniter\CodeIgniter->runController(Object(App\Controllers\NewsController))
#10 D:\ci4_app\ci4\system\CodeIgniter.php(368): CodeIgniter\CodeIgniter->handleRequest(NULL, Object(Config\Cache), false)
#11 D:\ci4_app\ci4\public\index.php(67): CodeIgniter\CodeIgniter->run()
#12 D:\ci4_app\ci4\system\Commands\Server\rewrite.php(47): require_once('D:\\ci4_app\\ci4\\...')
#13 {main}

Next CodeIgniter\Database\Exceptions\DatabaseException: Access denied for user ''@'localhost' (using password: NO) in D:\ci4_app\ci4\system\Database\MySQLi\Connection.php:218
Stack trace:
#0 D:\ci4_app\ci4\system\Database\BaseConnection.php(391): CodeIgniter\Database\MySQLi\Connection->connect(false)
#1 D:\ci4_app\ci4\system\Database\BaseConnection.php(574): CodeIgniter\Database\BaseConnection->initialize()
#2 D:\ci4_app\ci4\system\Database\BaseBuilder.php(1616): CodeIgniter\Database\BaseConnection->query('SELECT *\nFROM `...', Array, false)
#3 D:\ci4_app\ci4\system\Model.php(241): CodeIgniter\Database\BaseBuilder->get()
#4 D:\ci4_app\ci4\system\BaseModel.php(618): CodeIgniter\Model->doFindAll(0, 0)
#5 D:\ci4_app\ci4\app\Models\NewsModel.php(44): CodeIgniter\BaseModel->findAll()
#6 D:\ci4_app\ci4\app\Controllers\NewsController.php(14): App\Models\NewsModel->getNews()
#7 D:\ci4_app\ci4\system\CodeIgniter.php(934): App\Controllers\NewsController->index()
#8 D:\ci4_app\ci4\system\CodeIgniter.php(499): CodeIgniter\CodeIgniter->runController(Object(App\Controllers\NewsController))
#9 D:\ci4_app\ci4\system\CodeIgniter.php(368): CodeIgniter\CodeIgniter->handleRequest(NULL, Object(Config\Cache), false)
#10 D:\ci4_app\ci4\public\index.php(67): CodeIgniter\CodeIgniter->run()
#11 D:\ci4_app\ci4\system\Commands\Server\rewrite.php(47): require_once('D:\\ci4_app\\ci4\\...')
#12 {main}
CRITICAL - 2023-05-21 14:06:32 --> Unable to connect to the database.
Main connection [MySQLi]: Access denied for user ''@'localhost' (using password: NO)
in SYSTEMPATH\Database\BaseConnection.php on line 427.
 1 SYSTEMPATH\Database\BaseConnection.php(574): CodeIgniter\Database\BaseConnection->initialize()
 2 SYSTEMPATH\Database\BaseBuilder.php(1616): CodeIgniter\Database\BaseConnection->query('SELECT *
FROM `news`', [], false)
 3 SYSTEMPATH\Model.php(241): CodeIgniter\Database\BaseBuilder->get()
 4 SYSTEMPATH\BaseModel.php(618): CodeIgniter\Model->doFindAll(0, 0)
 5 APPPATH\Models\NewsModel.php(44): CodeIgniter\BaseModel->findAll()
 6 APPPATH\Controllers\NewsController.php(14): App\Models\NewsModel->getNews()
 7 SYSTEMPATH\CodeIgniter.php(934): App\Controllers\NewsController->index()
 8 SYSTEMPATH\CodeIgniter.php(499): CodeIgniter\CodeIgniter->runController(Object(App\Controllers\NewsController))
 9 SYSTEMPATH\CodeIgniter.php(368): CodeIgniter\CodeIgniter->handleRequest(null, Object(Config\Cache), false)
10 FCPATH\index.php(67): CodeIgniter\CodeIgniter->run()
11 SYSTEMPATH\Commands\Server\rewrite.php(47): require_once('D:\\ci4_app\\ci4\\public\\index.php')
CRITICAL - 2023-05-21 14:13:41 --> Class "App\Controllers\PageNotFoundException" not found
in APPPATH\Controllers\NewsController.php on line 30.
 1 SYSTEMPATH\CodeIgniter.php(934): App\Controllers\NewsController->view('create')
 2 SYSTEMPATH\CodeIgniter.php(499): CodeIgniter\CodeIgniter->runController(Object(App\Controllers\NewsController))
 3 SYSTEMPATH\CodeIgniter.php(368): CodeIgniter\CodeIgniter->handleRequest(null, Object(Config\Cache), false)
 4 FCPATH\index.php(67): CodeIgniter\CodeIgniter->run()
 5 SYSTEMPATH\Commands\Server\rewrite.php(47): require_once('D:\\ci4_app\\ci4\\public\\index.php')
